#
# A fatal error has been detected by the Java Runtime Environment:
#
#  EXCEPTION_ACCESS_VIOLATION (0xc0000005) at pc=0x000000006d9c655b, pid=2772, tid=4100
#
# JRE version: 6.0_24-b07
# Java VM: Java HotSpot(TM) 64-Bit Server VM (19.1-b02 mixed mode windows-amd64 compressed oops)
# Problematic frame:
# V  [jvm.dll+0x13655b]
#
# If you would like to submit a bug report, please visit:
#   http://java.sun.com/webapps/bugreport/crash.jsp
#

---------------  T H R E A D  ---------------

Current thread (0x0000000008b77000):  ConcurrentGCThread [stack: 0x00000000120f0000,0x00000000122f0000] [id=4100]

siginfo: ExceptionCode=0xc0000005, reading address 0x0000000000000018

Registers:
RAX=0x0000000000000008, RBX=0x00000000122ef8b0, RCX=0x0000000000000018, RDX=0x00000007f97cef88
RSP=0x00000000122ef4f0, RBP=0x000000000000010e, RSI=0x00000007f97c577c, RDI=0x00000000122ef8b0
R8=0x00000000122ef908, R9=0x00000007f97cef88, R10=0x000000000277d1d8, R11=0x0000000000000001
R12=0x000000000001f200, R13=0x0000000008b046e0, R14=0x0000000002722f50, R15=0x0000000000003e40
RIP=0x000000006d9c655b, EFLAGS=0x0000000000010202

Register to memory mapping:

RAX=0x0000000000000008
0x0000000000000008 is pointing to unknown location

RBX=0x00000000122ef8b0
0x00000000122ef8b0 is pointing to unknown location

RCX=0x0000000000000018
0x0000000000000018 is pointing to unknown location

RDX=0x00000007f97cef88
{method} 
 - klass: {other class}

RSP=0x00000000122ef4f0
0x00000000122ef4f0 is pointing to unknown location

RBP=0x000000000000010e
0x000000000000010e is pointing to unknown location

RSI=0x00000007f97c577c
[[I 
 - klass: 'java/lang/Object'[]
 - length: 535

RDI=0x00000000122ef8b0
0x00000000122ef8b0 is pointing to unknown location

R8 =0x00000000122ef908
0x00000000122ef908 is pointing to unknown location

R9 =0x00000007f97cef88
{method} 
 - klass: {other class}

R10=0x000000000277d1d8
0x000000000277d1d8 is pointing to unknown location

R11=0x0000000000000001
0x0000000000000001 is pointing to unknown location

R12=0x000000000001f200
0x000000000001f200 is pointing to unknown location

R13=0x0000000008b046e0
0x0000000008b046e0 is pointing to unknown location

R14=0x0000000002722f50
0x0000000002722f50 is pointing to unknown location

R15=0x0000000000003e40
0x0000000000003e40 is pointing to unknown location


Top of Stack: (sp=0x00000000122ef4f0)
0x00000000122ef4f0:   0000000008b046f8 000000006d9c7b09
0x00000000122ef500:   00000000122ef590 000000006dcde25d
0x00000000122ef510:   00000000122ef8b0 000000006dc72bc9
0x00000000122ef520:   0000000008b046f8 000000006dbc82df
0x00000000122ef530:   00000007f97c5384 00000000122ef8b0
0x00000000122ef540:   00000000122ef8b0 0000000000000000
0x00000000122ef550:   00000000122ef860 00000000122ef610
0x00000000122ef560:   00000007f97c4f10 000000006d9ba4a3
0x00000000122ef570:   00000000000002c0 0000000002722f50
0x00000000122ef580:   0000000008b046e0 000000006dc7c422
0x00000000122ef590:   00000007f97bf800 0000000000003e40
0x00000000122ef5a0:   0000000000000002 000000006d9bfdcd
0x00000000122ef5b0:   00000007f97be1e0 000000006dc62209
0x00000000122ef5c0:   000000000277d690 000000006dc7e6f8
0x00000000122ef5d0:   00000007f97bf800 0000000000003e40
0x00000000122ef5e0:   0000000000783238 000000006d99458e 

Instructions: (pc=0x000000006d9c655b)
0x000000006d9c654b:   53 00 eb 04 48 8b 42 08 48 8d 48 10 4c 8d 43 58
0x000000006d9c655b:   48 8b 01 ff 90 18 02 00 00 80 bb c8 00 00 00 00 


Stack: [0x00000000120f0000,0x00000000122f0000],  sp=0x00000000122ef4f0,  free space=2045k
Native frames: (J=compiled Java code, j=interpreted, Vv=VM code, C=native code)
V  [jvm.dll+0x13655b]


---------------  P R O C E S S  ---------------

Java Threads: ( => current thread )
  0x0000000012b67000 JavaThread "SciJava-653e4653-Thread-0" [_thread_blocked, id=11388, stack(0x000000001ab60000,0x000000001ad60000)]
  0x0000000012b63800 JavaThread "AWT-EventQueue-0" [_thread_blocked, id=7392, stack(0x000000001a760000,0x000000001a960000)]
  0x0000000012b66800 JavaThread "AWT-Windows" daemon [_thread_in_native, id=14012, stack(0x0000000019d70000,0x0000000019f70000)]
  0x0000000012b6a000 JavaThread "AWT-Shutdown" [_thread_blocked, id=12780, stack(0x0000000017990000,0x0000000017b90000)]
  0x0000000012b68000 JavaThread "Java2D Disposer" daemon [_thread_blocked, id=440, stack(0x00000000166d0000,0x00000000168d0000)]
  0x0000000012b68800 JavaThread "Low Memory Detector" daemon [_thread_blocked, id=13964, stack(0x0000000013b30000,0x0000000013d30000)]
  0x0000000012b72000 JavaThread "CompilerThread1" daemon [_thread_blocked, id=13176, stack(0x0000000013930000,0x0000000013b30000)]
  0x0000000012b71000 JavaThread "CompilerThread0" daemon [_thread_blocked, id=11476, stack(0x0000000013730000,0x0000000013930000)]
  0x0000000012b63000 JavaThread "Attach Listener" daemon [_thread_blocked, id=6792, stack(0x0000000013530000,0x0000000013730000)]
  0x0000000012b65800 JavaThread "Signal Dispatcher" daemon [_thread_blocked, id=8708, stack(0x0000000013330000,0x0000000013530000)]
  0x0000000012b62000 JavaThread "Surrogate Locker Thread (CMS)" daemon [_thread_blocked, id=5872, stack(0x0000000013130000,0x0000000013330000)]
  0x0000000012b35800 JavaThread "Finalizer" daemon [_thread_blocked, id=3972, stack(0x0000000012f30000,0x0000000013130000)]
  0x0000000008cda800 JavaThread "Reference Handler" daemon [_thread_blocked, id=9004, stack(0x0000000012930000,0x0000000012b30000)]
  0x000000000270e800 JavaThread "main" [_thread_in_vm, id=7052, stack(0x0000000000470000,0x0000000000670000)]

Other Threads:
  0x0000000008cd1000 VMThread [stack: 0x0000000012730000,0x0000000012930000] [id=3648]
  0x0000000012b7f800 WatcherThread [stack: 0x0000000013d30000,0x0000000013f30000] [id=13592]

=>0x0000000008b77000 (exited) ConcurrentGCThread [stack: 0x00000000120f0000,0x00000000122f0000] [id=4100]

VM state:not at safepoint (normal execution)

VM Mutex/Monitor currently owned by a thread:  ([mutex/lock_event])
[0x00000000007faa80] Heap_lock - owner thread: 0x000000000270e800

Heap
 par new generation   total 19136K, used 9804K [0x000000067d600000, 0x000000067eac0000, 0x0000000687c60000)
  eden space 17024K,  45% used [0x000000067d600000, 0x000000067dd83238, 0x000000067e6a0000)
  from space 2112K, 100% used [0x000000067e8b0000, 0x000000067eac0000, 0x000000067eac0000)
  to   space 2112K,   0% used [0x000000067e6a0000, 0x000000067e6a0000, 0x000000067e8b0000)
 concurrent mark-sweep generation total 66712K, used 40350K [0x0000000687c60000, 0x000000068bd86000, 0x00000007f8000000)
 concurrent-mark-sweep perm gen total 131072K, used 24442K [0x00000007f8000000, 0x0000000800000000, 0x0000000800000000)

Dynamic libraries:
0x0000000000400000 - 0x0000000000462000 	C:\Fiji.app\IMAGEJ~2.EXE
0x00007ffd109c0000 - 0x00007ffd10b81000 	C:\WINDOWS\SYSTEM32\ntdll.dll
0x00007ffd0ee60000 - 0x00007ffd0ef0d000 	C:\WINDOWS\system32\KERNEL32.DLL
0x00007ffd0d1e0000 - 0x00007ffd0d3c8000 	C:\WINDOWS\system32\KERNELBASE.dll
0x00007ffd0f010000 - 0x00007ffd0f0b7000 	C:\WINDOWS\system32\ADVAPI32.dll
0x00007ffd0df70000 - 0x00007ffd0e00d000 	C:\WINDOWS\system32\msvcrt.dll
0x00007ffd0ef40000 - 0x00007ffd0ef9b000 	C:\WINDOWS\system32\sechost.dll
0x00007ffd0e6b0000 - 0x00007ffd0e7cc000 	C:\WINDOWS\system32\RPCRT4.dll
0x00007ffd10860000 - 0x00007ffd109b6000 	C:\WINDOWS\system32\USER32.dll
0x00007ffd0e010000 - 0x00007ffd0e196000 	C:\WINDOWS\system32\GDI32.dll
0x00007ffd0f170000 - 0x00007ffd0f1ab000 	C:\WINDOWS\system32\IMM32.DLL
0x00007ffd0c8b0000 - 0x00007ffd0c8e1000 	C:\Windows\system32\nvinitx.dll
0x00007ffd0c8a0000 - 0x00007ffd0c8aa000 	C:\WINDOWS\SYSTEM32\VERSION.dll
0x000000006d750000 - 0x000000006d779000 	C:\Fiji.app\java\win64\jdk1.6.0_24\jre\bin\splashscreen.dll
0x00007ffd0bad0000 - 0x00007ffd0bb66000 	C:\WINDOWS\system32\uxtheme.dll
0x00007ffd0e2b0000 - 0x00007ffd0e52d000 	C:\WINDOWS\system32\combase.dll
0x00007ffd0dcd0000 - 0x00007ffd0dd3a000 	C:\WINDOWS\system32\bcryptPrimitives.dll
0x000000006d890000 - 0x000000006df94000 	C:\Fiji.app\java\win64\jdk1.6.0_24\jre\bin\server\jvm.dll
0x00007ffd0b670000 - 0x00007ffd0b693000 	C:\WINDOWS\SYSTEM32\WINMM.dll
0x0000000000780000 - 0x00000000007ac000 	C:\WINDOWS\SYSTEM32\WINMMBASE.dll
0x00007ffd0d050000 - 0x00007ffd0d093000 	C:\WINDOWS\system32\cfgmgr32.dll
0x00007ffd0e530000 - 0x00007ffd0e68a000 	C:\WINDOWS\system32\MSCTF.dll
0x000000006d800000 - 0x000000006d80e000 	C:\Fiji.app\java\win64\jdk1.6.0_24\jre\bin\verify.dll
0x000000006d450000 - 0x000000006d477000 	C:\Fiji.app\java\win64\jdk1.6.0_24\jre\bin\java.dll
0x000000006d3b0000 - 0x000000006d3ba000 	C:\Fiji.app\java\win64\jdk1.6.0_24\jre\bin\hpi.dll
0x00007ffd0dda0000 - 0x00007ffd0dda8000 	C:\WINDOWS\system32\PSAPI.DLL
0x000000006d850000 - 0x000000006d862000 	C:\Fiji.app\java\win64\jdk1.6.0_24\jre\bin\zip.dll
0x00007ffd0d030000 - 0x00007ffd0d03f000 	C:\WINDOWS\system32\kernel.appcore.dll
0x000000006d0a0000 - 0x000000006d263000 	C:\Fiji.app\java\win64\jdk1.6.0_24\jre\bin\awt.dll
0x00007ffd0f1b0000 - 0x00007ffd0f2f3000 	C:\WINDOWS\system32\ole32.dll
0x00007ffd0f300000 - 0x00007ffd1085c000 	C:\WINDOWS\system32\SHELL32.dll
0x00007ffd08150000 - 0x00007ffd081d4000 	C:\WINDOWS\SYSTEM32\WINSPOOL.DRV
0x00007ffd0d5a0000 - 0x00007ffd0dbe5000 	C:\WINDOWS\system32\windows.storage.dll
0x00007ffd0e910000 - 0x00007ffd0e962000 	C:\WINDOWS\system32\shlwapi.dll
0x00007ffd0cbc0000 - 0x00007ffd0cbe9000 	C:\WINDOWS\SYSTEM32\bcrypt.dll
0x00007ffd0dc10000 - 0x00007ffd0dcc5000 	C:\WINDOWS\system32\shcore.dll
0x00007ffd0cfe0000 - 0x00007ffd0d02b000 	C:\WINDOWS\system32\powrprof.dll
0x00007ffd0cfc0000 - 0x00007ffd0cfd4000 	C:\WINDOWS\system32\profapi.dll
0x00007ffd08260000 - 0x00007ffd0830a000 	C:\WINDOWS\WinSxS\amd64_microsoft.windows.common-controls_6595b64144ccf1df_5.82.10586.0_none_396e892957c7fb25\COMCTL32.dll
0x00007ffd0b760000 - 0x00007ffd0b7d9000 	C:\WINDOWS\system32\apphelp.dll
0x00007ffd0a600000 - 0x00007ffd0a622000 	C:\WINDOWS\SYSTEM32\DWMAPI.DLL
0x000000006d340000 - 0x000000006d3a6000 	C:\Fiji.app\java\win64\jdk1.6.0_24\jre\bin\fontmanager.dll

VM Arguments:
jvm_args: -Dpython.cachedir.skip=true -Dplugins.dir=C:\Fiji.app -Xmx6058m -Xincgc -XX:PermSize=128m 
java_command: <unknown>
Launcher Type: generic

Environment Variables:
JAVA_HOME=C:\Fiji.app/java/win64/jdk1.6.0_24//jre
PATH=C:\Program Files\R\R-3.3.0\bin\x64;c:\Rtools\bin;c:\Rtools\mingw_64\bin;C:\Program Files (x86)\NVIDIA Corporation\PhysX\Common;C:\ProgramData\Oracle\Java\javapath;C:\Windows\system32;C:\Windows;C:\Windows\System32\Wbem;C:\Windows\System32\WindowsPowerShell\v1.0\;C:\Program Files (x86)\Intel\OpenCL SDK\2.0\bin\x86;C:\Program Files (x86)\Intel\OpenCL SDK\2.0\bin\x64;C:\Python27\Scripts;C:\Program Files (x86)\MiKTeX 2.9\miktex\bin\;C:\WINDOWS\system32;C:\WINDOWS;C:\WINDOWS\System32\Wbem;C:\WINDOWS\System32\WindowsPowerShell\v1.0\;C:\Program Files (x86)\Skype\Phone\;C:\Program Files (x86)\OpenBabel-2.3.2;<path-to-sdk>c:\Users\Hugo\AppData\Local\Android\android-sdk\platform-tools;C:\Users\Hugo\AppData\Local\Pandoc\;C:\Fiji.app/lib/win64;C:\Fiji.app/mm/win64;C:\Fiji.app/java/win64/jdk1.6.0_24//jre/bin
USERNAME=Hugo
DISPLAY=:0
OS=Windows_NT
PROCESSOR_IDENTIFIER=Intel64 Family 6 Model 58 Stepping 9, GenuineIntel



---------------  S Y S T E M  ---------------

OS: Windows NT 6.2 Build 9200 

CPU:total 8 (4 cores per cpu, 2 threads per core) family 6 model 58 stepping 9, cmov, cx8, fxsr, mmx, sse, sse2, sse3, ssse3, sse4.1, sse4.2, popcnt, ht

Memory: 4k page, physical 8271708k(3134804k free), swap 16660316k(9396592k free)

vm_info: Java HotSpot(TM) 64-Bit Server VM (19.1-b02) for windows-amd64 JRE (1.6.0_24-b07), built on Feb  2 2011 16:25:45 by "java_re" with MS VC++ 8.0 (VS2005)

time: Mon Aug 08 12:03:03 2016
elapsed time: 3 seconds

